Unity Editor version:    2020.3.23f1 (c5d91304a876)
Branch:                  2020.3/staging
Build type:              Release
Batch mode:              YES
macOS version:           Version 12.0.1 (Build 21A559)
Darwin version:          21.1.0
Architecture:            x86_64
Running under Rosetta:   NO
Available memory:        16384 MB
Using pre-set license
Pro License: NO

COMMAND LINE ARGUMENTS:
/Applications/Unity/Hub/Editor/2020.3.23f1/Unity.app/Contents/MacOS/Unity
-adb2
-batchMode
-noUpm
-name
AssetImportWorker0
-projectPath
/Volumes/The Intellify/Dhaval/Projects/Garvish/Projects/Git Hub/In-House-Car-Chase/in-house-car-chase-/In-House---Car-Battle-Project-main
-logFile
Logs/AssetImportWorker0.log
-srvPort
49548
Successfully changed project path to: /Volumes/The Intellify/Dhaval/Projects/Garvish/Projects/Git Hub/In-House-Car-Chase/in-house-car-chase-/In-House---Car-Battle-Project-main
/Volumes/The Intellify/Dhaval/Projects/Garvish/Projects/Git Hub/In-House-Car-Chase/in-house-car-chase-/In-House---Car-Battle-Project-main
Using Asset Import Pipeline V2.
Refreshing native plugins compatible for Editor in 101.74 ms, found 1 plugins.
Preloading 0 native plugins for Editor in 0.00 ms.
Initialize engine version: 2020.3.23f1 (c5d91304a876)
[Subsystems] Discovering subsystems at path /Applications/Unity/Hub/Editor/2020.3.23f1/Unity.app/Contents/Resources/UnitySubsystems
[Subsystems] Discovering subsystems at path /Volumes/The Intellify/Dhaval/Projects/Garvish/Projects/Git Hub/In-House-Car-Chase/in-house-car-chase-/In-House---Car-Battle-Project-main/Assets
GfxDevice: creating device client; threaded=0
2022-09-09 12:33:30.009 Unity[5031:52311] Color LCD preferred device: Intel Iris Pro Graphics (low power)
2022-09-09 12:33:30.009 Unity[5031:52311] Metal devices available: 1
2022-09-09 12:33:30.009 Unity[5031:52311] 0: Intel Iris Pro Graphics (low power)
2022-09-09 12:33:30.009 Unity[5031:52311] Using device Intel Iris Pro Graphics (low power)
Initializing Metal device caps: Intel Iris Pro Graphics
Initialize mono
Mono path[0] = '/Applications/Unity/Hub/Editor/2020.3.23f1/Unity.app/Contents/Managed'
Mono path[1] = '/Applications/Unity/Hub/Editor/2020.3.23f1/Unity.app/Contents/MonoBleedingEdge/lib/mono/unityjit'
Mono config path = '/Applications/Unity/Hub/Editor/2020.3.23f1/Unity.app/Contents/MonoBleedingEdge/etc'
Using monoOptions --debugger-agent=transport=dt_socket,embedding=1,server=y,suspend=n,address=127.0.0.1:56031
Begin MonoManager ReloadAssembly
Registering precompiled unity dll's ...
Register platform support module: /Applications/Unity/Hub/Editor/2020.3.23f1/Unity.app/Contents/PlaybackEngines/MacStandaloneSupport/UnityEditor.OSXStandalone.Extensions.dll
Registered in 0.000561 seconds.
Native extension for OSXStandalone target not found
Refreshing native plugins compatible for Editor in 95.05 ms, found 1 plugins.
Preloading 0 native plugins for Editor in 0.00 ms.
Mono: successfully reloaded assembly
- Completed reload, in  0.733 seconds
Domain Reload Profiling:
	ReloadAssembly (733ms)
		BeginReloadAssembly (44ms)
			ExecutionOrderSort (0ms)
			DisableScriptedObjects (0ms)
			BackupInstance (0ms)
			ReleaseScriptingObjects (0ms)
			CreateAndSetChildDomain (1ms)
		EndReloadAssembly (601ms)
			LoadAssemblies (43ms)
			RebuildTransferFunctionScriptingTraits (0ms)
			SetupTypeCache (200ms)
			ReleaseScriptCaches (0ms)
			RebuildScriptCaches (39ms)
			SetupLoadedEditorAssemblies (264ms)
				LogAssemblyErrors (0ms)
				InitializePlatformSupportModulesInManaged (5ms)
				SetLoadedEditorAssemblies (0ms)
				RefreshPlugins (95ms)
				BeforeProcessingInitializeOnLoad (25ms)
				ProcessInitializeOnLoadAttributes (105ms)
				ProcessInitializeOnLoadMethodAttributes (34ms)
				AfterProcessingInitializeOnLoad (0ms)
				EditorAssembliesLoaded (0ms)
			ExecutionOrderSort2 (0ms)
			AwakeInstancesAfterBackupRestoration (0ms)
Platform modules already initialized, skipping
Registering precompiled user dll's ...
Registered in 0.001568 seconds.
Begin MonoManager ReloadAssembly
Native extension for OSXStandalone target not found
Refreshing native plugins compatible for Editor in 1.12 ms, found 1 plugins.
Preloading 0 native plugins for Editor in 0.00 ms.
Mono: successfully reloaded assembly
- Completed reload, in  1.051 seconds
Domain Reload Profiling:
	ReloadAssembly (1051ms)
		BeginReloadAssembly (162ms)
			ExecutionOrderSort (0ms)
			DisableScriptedObjects (6ms)
			BackupInstance (0ms)
			ReleaseScriptingObjects (0ms)
			CreateAndSetChildDomain (26ms)
		EndReloadAssembly (824ms)
			LoadAssemblies (79ms)
			RebuildTransferFunctionScriptingTraits (0ms)
			SetupTypeCache (256ms)
			ReleaseScriptCaches (1ms)
			RebuildScriptCaches (60ms)
			SetupLoadedEditorAssemblies (308ms)
				LogAssemblyErrors (0ms)
				InitializePlatformSupportModulesInManaged (4ms)
				SetLoadedEditorAssemblies (1ms)
				RefreshPlugins (1ms)
				BeforeProcessingInitializeOnLoad (91ms)
				ProcessInitializeOnLoadAttributes (152ms)
				ProcessInitializeOnLoadMethodAttributes (58ms)
				AfterProcessingInitializeOnLoad (1ms)
				EditorAssembliesLoaded (0ms)
			ExecutionOrderSort2 (0ms)
			AwakeInstancesAfterBackupRestoration (8ms)
Platform modules already initialized, skipping
Validating Project structure ... 0.051754 seconds.
Shader import version has changed; will reimport all shaders...
Upgrading shader files ...0.096876 seconds.
Application.AssetDatabase Initial Script Refresh Start
RefreshInfo: InitialScriptRefreshV2(NoUpdateAssetOptions) scanfilter:  ... 1 filters
RefreshProfiler: Total: 0.000ms
Application.AssetDatabase Initial Script Refresh End
Application.AssetDatabase.Refresh Start
Application.AssetDatabase.Refresh End
RefreshInfo: StopAssetImportingV2(ForceSynchronousImport) scanfilter: 
RefreshProfiler: Total: 0.000ms
Launching external process: /Applications/Unity/Hub/Editor/2020.3.23f1/Unity.app/Contents/Tools/UnityShaderCompiler
Launched and connected shader compiler UnityShaderCompiler after 0.01 seconds
Initializing Unity extensions:
[C# Project] Writing /Volumes/The Intellify/Dhaval/Projects/Garvish/Projects/Git Hub/In-House-Car-Chase/in-house-car-chase-/In-House---Car-Battle-Project-main/In-House---Car-Battle-Project-main.sln because it has changed
[C# Project] First difference on line 4

[C# Project] Current /Volumes/The Intellify/Dhaval/Projects/Garvish/Projects/Git Hub/In-House-Car-Chase/in-house-car-chase-/In-House---Car-Battle-Project-main/In-House---Car-Battle-Project-main.sln:
[C# Project]   004: Project("{FAE04EC0-301F-11D3-BF4B-00C04F79EFBC}") = "MyBox", "MyBox.csproj", "{448FC811-0831-43DB-2F8B-E0A9BF8863C3}"
[C# Project]   005: EndProject
[C# Project]   006: Project("{FAE04EC0-301F-11D3-BF4B-00C04F79EFBC}") = "Assembly-CSharp", "Assembly-CSharp.csproj", "{AE725C51-B928-37CC-4107-785E2F399B25}"
[C# Project]   007: EndProject
[C# Project]   008: Project("{FAE04EC0-301F-11D3-BF4B-00C04F79EFBC}") = "CFXRDemo", "CFXRDemo.csproj", "{020E8DB9-BC40-8ECF-5B8D-23766837D9CE}"

[C# Project] New /Volumes/The Intellify/Dhaval/Projects/Garvish/Projects/Git Hub/In-House-Car-Chase/in-house-car-chase-/In-House---Car-Battle-Project-main/In-House---Car-Battle-Project-main.sln:
[C# Project]   004: Project("{FAE04EC0-301F-11D3-BF4B-00C04F79EFBC}") = "UnityEngine.UI", "UnityEngine.UI.csproj", "{73A8FE0A-4E5A-FC90-180D-E175662F5C87}"
[C# Project]   005: EndProject
[C# Project]   006: Project("{FAE04EC0-301F-11D3-BF4B-00C04F79EFBC}") = "UnityEngine.TestRunner", "UnityEngine.TestRunner.csproj", "{45D661E8-7AC4-0522-34D4-0A73E2ACC75C}"
[C# Project]   007: EndProject
[C# Project]   008: Project("{FAE04EC0-301F-11D3-BF4B-00C04F79EFBC}") = "UnityEngine.XR.LegacyInputHelpers", "UnityEngine.XR.LegacyInputHelpers.csproj", "{0DDC047C-B64C-56F1-6E77-F971F7E6BD38}"
[C# Project] Writing /Volumes/The Intellify/Dhaval/Projects/Garvish/Projects/Git Hub/In-House-Car-Chase/in-house-car-chase-/In-House---Car-Battle-Project-main/MyBox.csproj because it has changed
[C# Project] First difference on line 27

[C# Project] Current /Volumes/The Intellify/Dhaval/Projects/Garvish/Projects/Git Hub/In-House-Car-Chase/in-house-car-chase-/In-House---Car-Battle-Project-main/MyBox.csproj:
[C# Project]   027:     <DefineConstants>DEBUG;TRACE;UNITY_2020_3_23;UNITY_2020_3;UNITY_2020;UNITY_5_3_OR_NEWER;UNITY_5_4_OR_NEWER;UNITY_5_5_OR_NEWER;UNITY_5_6_OR_NEWER;UNITY_2017_1_OR_NEWER;UNITY_2017_2_OR_NEWER;UNITY_2017_3_OR_NEWER;UNITY_2017_4_OR_NEWER;UNITY_2018_1_OR_NEWER;UNITY_2018_2_OR_NEWER;UNITY_2018_3_OR_NEWER;UNITY_2018_4_OR_NEWER;UNITY_2019_1_OR_NEWER;UNITY_2019_2_OR_NEWER;UNITY_2019_3_OR_NEWER;UNITY_2019_4_OR_NEWER;UNITY_2020_1_OR_NEWER;UNITY_2020_2_OR_NEWER;UNITY_2020_3_OR_NEWER;UNITY_INCLUDE_TESTS;UNITY_ANALYTICS;USE_SEARCH_ENGINE_API;SCENE_TEMPLATE_MODULE;ENABLE_AR;ENABLE_AUDIO;ENABLE_CACHING;ENABLE_CLOTH;ENABLE_EVENT_QUEUE;ENABLE_MICROPHONE;ENABLE_MULTIPLE_DISPLAYS;ENABLE_PHYSICS;ENABLE_TEXTURE_STREAMING;ENABLE_UNET;ENABLE_LZMA;ENABLE_UNITYEVENTS;ENABLE_VR;ENABLE_WEBCAM;ENABLE_UNITYWEBREQUEST;ENABLE_WWW;ENABLE_CLOUD_SERVICES;ENABLE_CLOUD_SERVICES_COLLAB;ENABLE_CLOUD_SERVICES_COLLAB_SOFTLOCKS;ENABLE_CLOUD_SERVICES_ADS;ENABLE_CLOUD_SERVICES_USE_WEBREQUEST;ENABLE_CLOUD_SERVICES_CRASH_REPORTING;ENABLE_CLOUD_SERVICES_NATIVE_CRASH_REPORTING;ENABLE_CLOUD_SERVICES_PURCHASING;ENABLE_CLOUD_SERVICES_ANALYTICS;ENABLE_CLOUD_SERVICES_UNET;ENABLE_CLOUD_SERVICES_BUILD;ENABLE_CLOUD_LICENSE;ENABLE_EDITOR_HUB_LICENSE;ENABLE_WEBSOCKET_CLIENT;ENABLE_DIRECTOR_AUDIO;ENABLE_DIRECTOR_TEXTURE;ENABLE_MANAGED_JOBS;ENABLE_MANAGED_TRANSFORM_JOBS;ENABLE_MANAGED_ANIMATION_JOBS;ENABLE_MANAGED_AUDIO_JOBS;ENABLE_RUNTIME_PERMISSIONS;ENABLE_ENGINE_CODE_STRIPPING;ENABLE_ONSCREEN_KEYBOARD;INCLUDE_DYNAMIC_GI;ENABLE_MONO_BDWGC;ENABLE_SCRIPTING_GC_WBARRIERS;PLATFORM_SUPPORTS_MONO;ENABLE_VIDEO;PLATFORM_ANDROID;UNITY_ANDROID;UNITY_ANDROID_API;ENABLE_EGL;ENABLE_NETWORK;ENABLE_RUNTIME_GI;ENABLE_CRUNCH_TEXTURE_COMPRESSION;UNITY_CAN_SHOW_SPLASH_SCREEN;UNITY_HAS_GOOGLEVR;UNITY_HAS_TANGO;ENABLE_SPATIALTRACKING;PLATFORM_EXTENDS_VULKAN_DEVICE;PLATFORM_HAS_MULTIPLE_SWAPCHAINS;UNITY_ANDROID_SUPPORTS_SHADOWFILES;ENABLE_UNITYADS_RUNTIME;UNITY_UNITYADS_API;ENABLE_MONO;NET_4_6;ENABLE_PROFILER;UNITY_ASSERTIONS;UNITY_EDITOR;UNITY_EDITOR_64;UNITY_EDITOR_OSX;ENABLE_UNITY_COLLECTIONS_CHECKS;ENABLE_BURST_AOT;UNITY_TEAM_LICENSE;ENABLE_CUSTOM_RENDER_TEXTURE;ENABLE_DIRECTOR;ENABLE_LOCALIZATION;ENABLE_SPRITES;ENABLE_TERRAIN;ENABLE_TILEMAP;ENABLE_TIMELINE;ENABLE_LEGACY_INPUT_MANAGER;CROSS_PLATFORM_INPUT;MOBILE_INPUT;UNITY_AI_ENABLED;UNITY_PHYSICS2D_ENABLED;UNITY_PHYSICS_ENABLED;UNITY_IMAGECONVERSION_ENABLED;CSHARP_7_OR_LATER;CSHARP_7_3_OR_NEWER</DefineConstants>
[C# Project]   028:     <ErrorReport>prompt</ErrorReport>
[C# Project]   029:     <WarningLevel>4</WarningLevel>
[C# Project]   030:     <NoWarn>0169</NoWarn>
[C# Project]   031:     <AllowUnsafeBlocks>False</AllowUnsafeBlocks>

[C# Project] New /Volumes/The Intellify/Dhaval/Projects/Garvish/Projects/Git Hub/In-House-Car-Chase/in-house-car-chase-/In-House---Car-Battle-Project-main/MyBox.csproj:
[C# Project]   027:     <DefineConstants>DEBUG;TRACE;UNITY_2020_3_23;UNITY_2020_3;UNITY_2020;UNITY_5_3_OR_NEWER;UNITY_5_4_OR_NEWER;UNITY_5_5_OR_NEWER;UNITY_5_6_OR_NEWER;UNITY_2017_1_OR_NEWER;UNITY_2017_2_OR_NEWER;UNITY_2017_3_OR_NEWER;UNITY_2017_4_OR_NEWER;UNITY_2018_1_OR_NEWER;UNITY_2018_2_OR_NEWER;UNITY_2018_3_OR_NEWER;UNITY_2018_4_OR_NEWER;UNITY_2019_1_OR_NEWER;UNITY_2019_2_OR_NEWER;UNITY_2019_3_OR_NEWER;UNITY_2019_4_OR_NEWER;UNITY_2020_1_OR_NEWER;UNITY_2020_2_OR_NEWER;UNITY_2020_3_OR_NEWER;PLATFORM_ARCH_64;UNITY_64;UNITY_INCLUDE_TESTS;UNITY_ANALYTICS;USE_SEARCH_ENGINE_API;SCENE_TEMPLATE_MODULE;ENABLE_AR;ENABLE_AUDIO;ENABLE_CACHING;ENABLE_CLOTH;ENABLE_MICROPHONE;ENABLE_MULTIPLE_DISPLAYS;ENABLE_PHYSICS;ENABLE_TEXTURE_STREAMING;ENABLE_VIRTUALTEXTURING;ENABLE_UNET;ENABLE_LZMA;ENABLE_UNITYEVENTS;ENABLE_VR;ENABLE_WEBCAM;ENABLE_UNITYWEBREQUEST;ENABLE_WWW;ENABLE_CLOUD_SERVICES;ENABLE_CLOUD_SERVICES_COLLAB;ENABLE_CLOUD_SERVICES_COLLAB_SOFTLOCKS;ENABLE_CLOUD_SERVICES_ADS;ENABLE_CLOUD_SERVICES_USE_WEBREQUEST;ENABLE_CLOUD_SERVICES_CRASH_REPORTING;ENABLE_CLOUD_SERVICES_NATIVE_CRASH_REPORTING;ENABLE_CLOUD_SERVICES_PURCHASING;ENABLE_CLOUD_SERVICES_ANALYTICS;ENABLE_CLOUD_SERVICES_UNET;ENABLE_CLOUD_SERVICES_BUILD;ENABLE_CLOUD_LICENSE;ENABLE_EDITOR_HUB_LICENSE;ENABLE_WEBSOCKET_CLIENT;ENABLE_DIRECTOR_AUDIO;ENABLE_DIRECTOR_TEXTURE;ENABLE_MANAGED_JOBS;ENABLE_MANAGED_TRANSFORM_JOBS;ENABLE_MANAGED_ANIMATION_JOBS;ENABLE_MANAGED_AUDIO_JOBS;INCLUDE_DYNAMIC_GI;ENABLE_MONO_BDWGC;ENABLE_SCRIPTING_GC_WBARRIERS;PLATFORM_SUPPORTS_MONO;RENDER_SOFTWARE_CURSOR;ENABLE_VIDEO;PLATFORM_STANDALONE;PLATFORM_STANDALONE_OSX;UNITY_STANDALONE_OSX;UNITY_STANDALONE;ENABLE_GAMECENTER;ENABLE_RUNTIME_GI;ENABLE_MOVIES;ENABLE_NETWORK;ENABLE_CRUNCH_TEXTURE_COMPRESSION;ENABLE_CLUSTER_SYNC;ENABLE_CLUSTERINPUT;ENABLE_SPATIALTRACKING;PLATFORM_UPDATES_TIME_OUTSIDE_OF_PLAYER_LOOP;ENABLE_WEBSOCKET_HOST;ENABLE_MONO;NET_4_6;ENABLE_PROFILER;UNITY_ASSERTIONS;UNITY_EDITOR;UNITY_EDITOR_64;UNITY_EDITOR_OSX;ENABLE_UNITY_COLLECTIONS_CHECKS;ENABLE_BURST_AOT;UNITY_TEAM_LICENSE;ENABLE_CUSTOM_RENDER_TEXTURE;ENABLE_DIRECTOR;ENABLE_LOCALIZATION;ENABLE_SPRITES;ENABLE_TERRAIN;ENABLE_TILEMAP;ENABLE_TIMELINE;ENABLE_LEGACY_INPUT_MANAGER;UNITY_POST_PROCESSING_STACK_V2;CROSS_PLATFORM_INPUT;CSHARP_7_OR_LATER;CSHARP_7_3_OR_NEWER</DefineConstants>
[C# Project]   028:     <ErrorReport>prompt</ErrorReport>
[C# Project]   029:     <WarningLevel>4</WarningLevel>
[C# Project]   030:     <NoWarn>0169</NoWarn>
[C# Project]   031:     <AllowUnsafeBlocks>False</AllowUnsafeBlocks>
[C# Project] Writing /Volumes/The Intellify/Dhaval/Projects/Garvish/Projects/Git Hub/In-House-Car-Chase/in-house-car-chase-/In-House---Car-Battle-Project-main/Assembly-CSharp.csproj because it has changed
[C# Project] First difference on line 27

[C# Project] Current /Volumes/The Intellify/Dhaval/Projects/Garvish/Projects/Git Hub/In-House-Car-Chase/in-house-car-chase-/In-House---Car-Battle-Project-main/Assembly-CSharp.csproj:
[C# Project]   027:     <DefineConstants>DEBUG;TRACE;UNITY_2020_3_23;UNITY_2020_3;UNITY_2020;UNITY_5_3_OR_NEWER;UNITY_5_4_OR_NEWER;UNITY_5_5_OR_NEWER;UNITY_5_6_OR_NEWER;UNITY_2017_1_OR_NEWER;UNITY_2017_2_OR_NEWER;UNITY_2017_3_OR_NEWER;UNITY_2017_4_OR_NEWER;UNITY_2018_1_OR_NEWER;UNITY_2018_2_OR_NEWER;UNITY_2018_3_OR_NEWER;UNITY_2018_4_OR_NEWER;UNITY_2019_1_OR_NEWER;UNITY_2019_2_OR_NEWER;UNITY_2019_3_OR_NEWER;UNITY_2019_4_OR_NEWER;UNITY_2020_1_OR_NEWER;UNITY_2020_2_OR_NEWER;UNITY_2020_3_OR_NEWER;UNITY_INCLUDE_TESTS;UNITY_ANALYTICS;USE_SEARCH_ENGINE_API;SCENE_TEMPLATE_MODULE;ENABLE_AR;ENABLE_AUDIO;ENABLE_CACHING;ENABLE_CLOTH;ENABLE_EVENT_QUEUE;ENABLE_MICROPHONE;ENABLE_MULTIPLE_DISPLAYS;ENABLE_PHYSICS;ENABLE_TEXTURE_STREAMING;ENABLE_UNET;ENABLE_LZMA;ENABLE_UNITYEVENTS;ENABLE_VR;ENABLE_WEBCAM;ENABLE_UNITYWEBREQUEST;ENABLE_WWW;ENABLE_CLOUD_SERVICES;ENABLE_CLOUD_SERVICES_COLLAB;ENABLE_CLOUD_SERVICES_COLLAB_SOFTLOCKS;ENABLE_CLOUD_SERVICES_ADS;ENABLE_CLOUD_SERVICES_USE_WEBREQUEST;ENABLE_CLOUD_SERVICES_CRASH_REPORTING;ENABLE_CLOUD_SERVICES_NATIVE_CRASH_REPORTING;ENABLE_CLOUD_SERVICES_PURCHASING;ENABLE_CLOUD_SERVICES_ANALYTICS;ENABLE_CLOUD_SERVICES_UNET;ENABLE_CLOUD_SERVICES_BUILD;ENABLE_CLOUD_LICENSE;ENABLE_EDITOR_HUB_LICENSE;ENABLE_WEBSOCKET_CLIENT;ENABLE_DIRECTOR_AUDIO;ENABLE_DIRECTOR_TEXTURE;ENABLE_MANAGED_JOBS;ENABLE_MANAGED_TRANSFORM_JOBS;ENABLE_MANAGED_ANIMATION_JOBS;ENABLE_MANAGED_AUDIO_JOBS;ENABLE_RUNTIME_PERMISSIONS;ENABLE_ENGINE_CODE_STRIPPING;ENABLE_ONSCREEN_KEYBOARD;INCLUDE_DYNAMIC_GI;ENABLE_MONO_BDWGC;ENABLE_SCRIPTING_GC_WBARRIERS;PLATFORM_SUPPORTS_MONO;ENABLE_VIDEO;PLATFORM_ANDROID;UNITY_ANDROID;UNITY_ANDROID_API;ENABLE_EGL;ENABLE_NETWORK;ENABLE_RUNTIME_GI;ENABLE_CRUNCH_TEXTURE_COMPRESSION;UNITY_CAN_SHOW_SPLASH_SCREEN;UNITY_HAS_GOOGLEVR;UNITY_HAS_TANGO;ENABLE_SPATIALTRACKING;PLATFORM_EXTENDS_VULKAN_DEVICE;PLATFORM_HAS_MULTIPLE_SWAPCHAINS;UNITY_ANDROID_SUPPORTS_SHADOWFILES;ENABLE_UNITYADS_RUNTIME;UNITY_UNITYADS_API;ENABLE_MONO;NET_4_6;ENABLE_PROFILER;UNITY_ASSERTIONS;UNITY_EDITOR;UNITY_EDITOR_64;UNITY_EDITOR_OSX;ENABLE_UNITY_COLLECTIONS_CHECKS;ENABLE_BURST_AOT;UNITY_TEAM_LICENSE;ENABLE_CUSTOM_RENDER_TEXTURE;ENABLE_DIRECTOR;ENABLE_LOCALIZATION;ENABLE_SPRITES;ENABLE_TERRAIN;ENABLE_TILEMAP;ENABLE_TIMELINE;ENABLE_LEGACY_INPUT_MANAGER;CROSS_PLATFORM_INPUT;MOBILE_INPUT;CSHARP_7_OR_LATER;CSHARP_7_3_OR_NEWER</DefineConstants>
[C# Project]   028:     <ErrorReport>prompt</ErrorReport>
[C# Project]   029:     <WarningLevel>4</WarningLevel>
[C# Project]   030:     <NoWarn>0169</NoWarn>
[C# Project]   031:     <AllowUnsafeBlocks>False</AllowUnsafeBlocks>

[C# Project] New /Volumes/The Intellify/Dhaval/Projects/Garvish/Projects/Git Hub/In-House-Car-Chase/in-house-car-chase-/In-House---Car-Battle-Project-main/Assembly-CSharp.csproj:
[C# Project]   027:     <DefineConstants>DEBUG;TRACE;UNITY_2020_3_23;UNITY_2020_3;UNITY_2020;UNITY_5_3_OR_NEWER;UNITY_5_4_OR_NEWER;UNITY_5_5_OR_NEWER;UNITY_5_6_OR_NEWER;UNITY_2017_1_OR_NEWER;UNITY_2017_2_OR_NEWER;UNITY_2017_3_OR_NEWER;UNITY_2017_4_OR_NEWER;UNITY_2018_1_OR_NEWER;UNITY_2018_2_OR_NEWER;UNITY_2018_3_OR_NEWER;UNITY_2018_4_OR_NEWER;UNITY_2019_1_OR_NEWER;UNITY_2019_2_OR_NEWER;UNITY_2019_3_OR_NEWER;UNITY_2019_4_OR_NEWER;UNITY_2020_1_OR_NEWER;UNITY_2020_2_OR_NEWER;UNITY_2020_3_OR_NEWER;PLATFORM_ARCH_64;UNITY_64;UNITY_INCLUDE_TESTS;UNITY_ANALYTICS;USE_SEARCH_ENGINE_API;SCENE_TEMPLATE_MODULE;ENABLE_AR;ENABLE_AUDIO;ENABLE_CACHING;ENABLE_CLOTH;ENABLE_MICROPHONE;ENABLE_MULTIPLE_DISPLAYS;ENABLE_PHYSICS;ENABLE_TEXTURE_STREAMING;ENABLE_VIRTUALTEXTURING;ENABLE_UNET;ENABLE_LZMA;ENABLE_UNITYEVENTS;ENABLE_VR;ENABLE_WEBCAM;ENABLE_UNITYWEBREQUEST;ENABLE_WWW;ENABLE_CLOUD_SERVICES;ENABLE_CLOUD_SERVICES_COLLAB;ENABLE_CLOUD_SERVICES_COLLAB_SOFTLOCKS;ENABLE_CLOUD_SERVICES_ADS;ENABLE_CLOUD_SERVICES_USE_WEBREQUEST;ENABLE_CLOUD_SERVICES_CRASH_REPORTING;ENABLE_CLOUD_SERVICES_NATIVE_CRASH_REPORTING;ENABLE_CLOUD_SERVICES_PURCHASING;ENABLE_CLOUD_SERVICES_ANALYTICS;ENABLE_CLOUD_SERVICES_UNET;ENABLE_CLOUD_SERVICES_BUILD;ENABLE_CLOUD_LICENSE;ENABLE_EDITOR_HUB_LICENSE;ENABLE_WEBSOCKET_CLIENT;ENABLE_DIRECTOR_AUDIO;ENABLE_DIRECTOR_TEXTURE;ENABLE_MANAGED_JOBS;ENABLE_MANAGED_TRANSFORM_JOBS;ENABLE_MANAGED_ANIMATION_JOBS;ENABLE_MANAGED_AUDIO_JOBS;INCLUDE_DYNAMIC_GI;ENABLE_MONO_BDWGC;ENABLE_SCRIPTING_GC_WBARRIERS;PLATFORM_SUPPORTS_MONO;RENDER_SOFTWARE_CURSOR;ENABLE_VIDEO;PLATFORM_STANDALONE;PLATFORM_STANDALONE_OSX;UNITY_STANDALONE_OSX;UNITY_STANDALONE;ENABLE_GAMECENTER;ENABLE_RUNTIME_GI;ENABLE_MOVIES;ENABLE_NETWORK;ENABLE_CRUNCH_TEXTURE_COMPRESSION;ENABLE_CLUSTER_SYNC;ENABLE_CLUSTERINPUT;ENABLE_SPATIALTRACKING;PLATFORM_UPDATES_TIME_OUTSIDE_OF_PLAYER_LOOP;ENABLE_WEBSOCKET_HOST;ENABLE_MONO;NET_4_6;ENABLE_PROFILER;UNITY_ASSERTIONS;UNITY_EDITOR;UNITY_EDITOR_64;UNITY_EDITOR_OSX;ENABLE_UNITY_COLLECTIONS_CHECKS;ENABLE_BURST_AOT;UNITY_TEAM_LICENSE;ENABLE_CUSTOM_RENDER_TEXTURE;ENABLE_DIRECTOR;ENABLE_LOCALIZATION;ENABLE_SPRITES;ENABLE_TERRAIN;ENABLE_TILEMAP;ENABLE_TIMELINE;ENABLE_LEGACY_INPUT_MANAGER;UNITY_POST_PROCESSING_STACK_V2;CROSS_PLATFORM_INPUT;CSHARP_7_OR_LATER;CSHARP_7_3_OR_NEWER</DefineConstants>
[C# Project]   028:     <ErrorReport>prompt</ErrorReport>
[C# Project]   029:     <WarningLevel>4</WarningLevel>
[C# Project]   030:     <NoWarn>0169</NoWarn>
[C# Project]   031:     <AllowUnsafeBlocks>False</AllowUnsafeBlocks>
[C# Project] Writing /Volumes/The Intellify/Dhaval/Projects/Garvish/Projects/Git Hub/In-House-Car-Chase/in-house-car-chase-/In-House---Car-Battle-Project-main/CFXRDemo.csproj because it has changed
[C# Project] First difference on line 27

[C# Project] Current /Volumes/The Intellify/Dhaval/Projects/Garvish/Projects/Git Hub/In-House-Car-Chase/in-house-car-chase-/In-House---Car-Battle-Project-main/CFXRDemo.csproj:
[C# Project]   027:     <DefineConstants>DEBUG;TRACE;UNITY_2020_3_23;UNITY_2020_3;UNITY_2020;UNITY_5_3_OR_NEWER;UNITY_5_4_OR_NEWER;UNITY_5_5_OR_NEWER;UNITY_5_6_OR_NEWER;UNITY_2017_1_OR_NEWER;UNITY_2017_2_OR_NEWER;UNITY_2017_3_OR_NEWER;UNITY_2017_4_OR_NEWER;UNITY_2018_1_OR_NEWER;UNITY_2018_2_OR_NEWER;UNITY_2018_3_OR_NEWER;UNITY_2018_4_OR_NEWER;UNITY_2019_1_OR_NEWER;UNITY_2019_2_OR_NEWER;UNITY_2019_3_OR_NEWER;UNITY_2019_4_OR_NEWER;UNITY_2020_1_OR_NEWER;UNITY_2020_2_OR_NEWER;UNITY_2020_3_OR_NEWER;UNITY_INCLUDE_TESTS;UNITY_ANALYTICS;USE_SEARCH_ENGINE_API;SCENE_TEMPLATE_MODULE;ENABLE_AR;ENABLE_AUDIO;ENABLE_CACHING;ENABLE_CLOTH;ENABLE_EVENT_QUEUE;ENABLE_MICROPHONE;ENABLE_MULTIPLE_DISPLAYS;ENABLE_PHYSICS;ENABLE_TEXTURE_STREAMING;ENABLE_UNET;ENABLE_LZMA;ENABLE_UNITYEVENTS;ENABLE_VR;ENABLE_WEBCAM;ENABLE_UNITYWEBREQUEST;ENABLE_WWW;ENABLE_CLOUD_SERVICES;ENABLE_CLOUD_SERVICES_COLLAB;ENABLE_CLOUD_SERVICES_COLLAB_SOFTLOCKS;ENABLE_CLOUD_SERVICES_ADS;ENABLE_CLOUD_SERVICES_USE_WEBREQUEST;ENABLE_CLOUD_SERVICES_CRASH_REPORTING;ENABLE_CLOUD_SERVICES_NATIVE_CRASH_REPORTING;ENABLE_CLOUD_SERVICES_PURCHASING;ENABLE_CLOUD_SERVICES_ANALYTICS;ENABLE_CLOUD_SERVICES_UNET;ENABLE_CLOUD_SERVICES_BUILD;ENABLE_CLOUD_LICENSE;ENABLE_EDITOR_HUB_LICENSE;ENABLE_WEBSOCKET_CLIENT;ENABLE_DIRECTOR_AUDIO;ENABLE_DIRECTOR_TEXTURE;ENABLE_MANAGED_JOBS;ENABLE_MANAGED_TRANSFORM_JOBS;ENABLE_MANAGED_ANIMATION_JOBS;ENABLE_MANAGED_AUDIO_JOBS;ENABLE_RUNTIME_PERMISSIONS;ENABLE_ENGINE_CODE_STRIPPING;ENABLE_ONSCREEN_KEYBOARD;INCLUDE_DYNAMIC_GI;ENABLE_MONO_BDWGC;ENABLE_SCRIPTING_GC_WBARRIERS;PLATFORM_SUPPORTS_MONO;ENABLE_VIDEO;PLATFORM_ANDROID;UNITY_ANDROID;UNITY_ANDROID_API;ENABLE_EGL;ENABLE_NETWORK;ENABLE_RUNTIME_GI;ENABLE_CRUNCH_TEXTURE_COMPRESSION;UNITY_CAN_SHOW_SPLASH_SCREEN;UNITY_HAS_GOOGLEVR;UNITY_HAS_TANGO;ENABLE_SPATIALTRACKING;PLATFORM_EXTENDS_VULKAN_DEVICE;PLATFORM_HAS_MULTIPLE_SWAPCHAINS;UNITY_ANDROID_SUPPORTS_SHADOWFILES;ENABLE_UNITYADS_RUNTIME;UNITY_UNITYADS_API;ENABLE_MONO;NET_4_6;ENABLE_PROFILER;UNITY_ASSERTIONS;UNITY_EDITOR;UNITY_EDITOR_64;UNITY_EDITOR_OSX;ENABLE_UNITY_COLLECTIONS_CHECKS;ENABLE_BURST_AOT;UNITY_TEAM_LICENSE;ENABLE_CUSTOM_RENDER_TEXTURE;ENABLE_DIRECTOR;ENABLE_LOCALIZATION;ENABLE_SPRITES;ENABLE_TERRAIN;ENABLE_TILEMAP;ENABLE_TIMELINE;ENABLE_LEGACY_INPUT_MANAGER;CROSS_PLATFORM_INPUT;MOBILE_INPUT;CSHARP_7_OR_LATER;CSHARP_7_3_OR_NEWER</DefineConstants>
[C# Project]   028:     <ErrorReport>prompt</ErrorReport>
[C# Project]   029:     <WarningLevel>4</WarningLevel>
[C# Project]   030:     <NoWarn>0169</NoWarn>
[C# Project]   031:     <AllowUnsafeBlocks>False</AllowUnsafeBlocks>

[C# Project] New /Volumes/The Intellify/Dhaval/Projects/Garvish/Projects/Git Hub/In-House-Car-Chase/in-house-car-chase-/In-House---Car-Battle-Project-main/CFXRDemo.csproj:
[C# Project]   027:     <DefineConstants>DEBUG;TRACE;UNITY_2020_3_23;UNITY_2020_3;UNITY_2020;UNITY_5_3_OR_NEWER;UNITY_5_4_OR_NEWER;UNITY_5_5_OR_NEWER;UNITY_5_6_OR_NEWER;UNITY_2017_1_OR_NEWER;UNITY_2017_2_OR_NEWER;UNITY_2017_3_OR_NEWER;UNITY_2017_4_OR_NEWER;UNITY_2018_1_OR_NEWER;UNITY_2018_2_OR_NEWER;UNITY_2018_3_OR_NEWER;UNITY_2018_4_OR_NEWER;UNITY_2019_1_OR_NEWER;UNITY_2019_2_OR_NEWER;UNITY_2019_3_OR_NEWER;UNITY_2019_4_OR_NEWER;UNITY_2020_1_OR_NEWER;UNITY_2020_2_OR_NEWER;UNITY_2020_3_OR_NEWER;PLATFORM_ARCH_64;UNITY_64;UNITY_INCLUDE_TESTS;UNITY_ANALYTICS;USE_SEARCH_ENGINE_API;SCENE_TEMPLATE_MODULE;ENABLE_AR;ENABLE_AUDIO;ENABLE_CACHING;ENABLE_CLOTH;ENABLE_MICROPHONE;ENABLE_MULTIPLE_DISPLAYS;ENABLE_PHYSICS;ENABLE_TEXTURE_STREAMING;ENABLE_VIRTUALTEXTURING;ENABLE_UNET;ENABLE_LZMA;ENABLE_UNITYEVENTS;ENABLE_VR;ENABLE_WEBCAM;ENABLE_UNITYWEBREQUEST;ENABLE_WWW;ENABLE_CLOUD_SERVICES;ENABLE_CLOUD_SERVICES_COLLAB;ENABLE_CLOUD_SERVICES_COLLAB_SOFTLOCKS;ENABLE_CLOUD_SERVICES_ADS;ENABLE_CLOUD_SERVICES_USE_WEBREQUEST;ENABLE_CLOUD_SERVICES_CRASH_REPORTING;ENABLE_CLOUD_SERVICES_NATIVE_CRASH_REPORTING;ENABLE_CLOUD_SERVICES_PURCHASING;ENABLE_CLOUD_SERVICES_ANALYTICS;ENABLE_CLOUD_SERVICES_UNET;ENABLE_CLOUD_SERVICES_BUILD;ENABLE_CLOUD_LICENSE;ENABLE_EDITOR_HUB_LICENSE;ENABLE_WEBSOCKET_CLIENT;ENABLE_DIRECTOR_AUDIO;ENABLE_DIRECTOR_TEXTURE;ENABLE_MANAGED_JOBS;ENABLE_MANAGED_TRANSFORM_JOBS;ENABLE_MANAGED_ANIMATION_JOBS;ENABLE_MANAGED_AUDIO_JOBS;INCLUDE_DYNAMIC_GI;ENABLE_MONO_BDWGC;ENABLE_SCRIPTING_GC_WBARRIERS;PLATFORM_SUPPORTS_MONO;RENDER_SOFTWARE_CURSOR;ENABLE_VIDEO;PLATFORM_STANDALONE;PLATFORM_STANDALONE_OSX;UNITY_STANDALONE_OSX;UNITY_STANDALONE;ENABLE_GAMECENTER;ENABLE_RUNTIME_GI;ENABLE_MOVIES;ENABLE_NETWORK;ENABLE_CRUNCH_TEXTURE_COMPRESSION;ENABLE_CLUSTER_SYNC;ENABLE_CLUSTERINPUT;ENABLE_SPATIALTRACKING;PLATFORM_UPDATES_TIME_OUTSIDE_OF_PLAYER_LOOP;ENABLE_WEBSOCKET_HOST;ENABLE_MONO;NET_4_6;ENABLE_PROFILER;UNITY_ASSERTIONS;UNITY_EDITOR;UNITY_EDITOR_64;UNITY_EDITOR_OSX;ENABLE_UNITY_COLLECTIONS_CHECKS;ENABLE_BURST_AOT;UNITY_TEAM_LICENSE;ENABLE_CUSTOM_RENDER_TEXTURE;ENABLE_DIRECTOR;ENABLE_LOCALIZATION;ENABLE_SPRITES;ENABLE_TERRAIN;ENABLE_TILEMAP;ENABLE_TIMELINE;ENABLE_LEGACY_INPUT_MANAGER;UNITY_POST_PROCESSING_STACK_V2;CROSS_PLATFORM_INPUT;CSHARP_7_OR_LATER;CSHARP_7_3_OR_NEWER</DefineConstants>
[C# Project]   028:     <ErrorReport>prompt</ErrorReport>
[C# Project]   029:     <WarningLevel>4</WarningLevel>
[C# Project]   030:     <NoWarn>0169</NoWarn>
[C# Project]   031:     <AllowUnsafeBlocks>False</AllowUnsafeBlocks>
[C# Project] Writing /Volumes/The Intellify/Dhaval/Projects/Garvish/Projects/Git Hub/In-House-Car-Chase/in-house-car-chase-/In-House---Car-Battle-Project-main/KinoBloom.Runtime.csproj because it has changed
[C# Project] First difference on line 27

[C# Project] Current /Volumes/The Intellify/Dhaval/Projects/Garvish/Projects/Git Hub/In-House-Car-Chase/in-house-car-chase-/In-House---Car-Battle-Project-main/KinoBloom.Runtime.csproj:
[C# Project]   027:     <DefineConstants>DEBUG;TRACE;UNITY_2020_3_23;UNITY_2020_3;UNITY_2020;UNITY_5_3_OR_NEWER;UNITY_5_4_OR_NEWER;UNITY_5_5_OR_NEWER;UNITY_5_6_OR_NEWER;UNITY_2017_1_OR_NEWER;UNITY_2017_2_OR_NEWER;UNITY_2017_3_OR_NEWER;UNITY_2017_4_OR_NEWER;UNITY_2018_1_OR_NEWER;UNITY_2018_2_OR_NEWER;UNITY_2018_3_OR_NEWER;UNITY_2018_4_OR_NEWER;UNITY_2019_1_OR_NEWER;UNITY_2019_2_OR_NEWER;UNITY_2019_3_OR_NEWER;UNITY_2019_4_OR_NEWER;UNITY_2020_1_OR_NEWER;UNITY_2020_2_OR_NEWER;UNITY_2020_3_OR_NEWER;UNITY_INCLUDE_TESTS;UNITY_ANALYTICS;USE_SEARCH_ENGINE_API;SCENE_TEMPLATE_MODULE;ENABLE_AR;ENABLE_AUDIO;ENABLE_CACHING;ENABLE_CLOTH;ENABLE_EVENT_QUEUE;ENABLE_MICROPHONE;ENABLE_MULTIPLE_DISPLAYS;ENABLE_PHYSICS;ENABLE_TEXTURE_STREAMING;ENABLE_UNET;ENABLE_LZMA;ENABLE_UNITYEVENTS;ENABLE_VR;ENABLE_WEBCAM;ENABLE_UNITYWEBREQUEST;ENABLE_WWW;ENABLE_CLOUD_SERVICES;ENABLE_CLOUD_SERVICES_COLLAB;ENABLE_CLOUD_SERVICES_COLLAB_SOFTLOCKS;ENABLE_CLOUD_SERVICES_ADS;ENABLE_CLOUD_SERVICES_USE_WEBREQUEST;ENABLE_CLOUD_SERVICES_CRASH_REPORTING;ENABLE_CLOUD_SERVICES_NATIVE_CRASH_REPORTING;ENABLE_CLOUD_SERVICES_PURCHASING;ENABLE_CLOUD_SERVICES_ANALYTICS;ENABLE_CLOUD_SERVICES_UNET;ENABLE_CLOUD_SERVICES_BUILD;ENABLE_CLOUD_LICENSE;ENABLE_EDITOR_HUB_LICENSE;ENABLE_WEBSOCKET_CLIENT;ENABLE_DIRECTOR_AUDIO;ENABLE_DIRECTOR_TEXTURE;ENABLE_MANAGED_JOBS;ENABLE_MANAGED_TRANSFORM_JOBS;ENABLE_MANAGED_ANIMATION_JOBS;ENABLE_MANAGED_AUDIO_JOBS;ENABLE_RUNTIME_PERMISSIONS;ENABLE_ENGINE_CODE_STRIPPING;ENABLE_ONSCREEN_KEYBOARD;INCLUDE_DYNAMIC_GI;ENABLE_MONO_BDWGC;ENABLE_SCRIPTING_GC_WBARRIERS;PLATFORM_SUPPORTS_MONO;ENABLE_VIDEO;PLATFORM_ANDROID;UNITY_ANDROID;UNITY_ANDROID_API;ENABLE_EGL;ENABLE_NETWORK;ENABLE_RUNTIME_GI;ENABLE_CRUNCH_TEXTURE_COMPRESSION;UNITY_CAN_SHOW_SPLASH_SCREEN;UNITY_HAS_GOOGLEVR;UNITY_HAS_TANGO;ENABLE_SPATIALTRACKING;PLATFORM_EXTENDS_VULKAN_DEVICE;PLATFORM_HAS_MULTIPLE_SWAPCHAINS;UNITY_ANDROID_SUPPORTS_SHADOWFILES;ENABLE_UNITYADS_RUNTIME;UNITY_UNITYADS_API;ENABLE_MONO;NET_4_6;ENABLE_PROFILER;UNITY_ASSERTIONS;UNITY_EDITOR;UNITY_EDITOR_64;UNITY_EDITOR_OSX;ENABLE_UNITY_COLLECTIONS_CHECKS;ENABLE_BURST_AOT;UNITY_TEAM_LICENSE;ENABLE_CUSTOM_RENDER_TEXTURE;ENABLE_DIRECTOR;ENABLE_LOCALIZATION;ENABLE_SPRITES;ENABLE_TERRAIN;ENABLE_TILEMAP;ENABLE_TIMELINE;ENABLE_LEGACY_INPUT_MANAGER;CROSS_PLATFORM_INPUT;MOBILE_INPUT;CSHARP_7_OR_LATER;CSHARP_7_3_OR_NEWER</DefineConstants>
[C# Project]   028:     <ErrorReport>prompt</ErrorReport>
[C# Project]   029:     <WarningLevel>4</WarningLevel>
[C# Project]   030:     <NoWarn>0169</NoWarn>
[C# Project]   031:     <AllowUnsafeBlocks>False</AllowUnsafeBlocks>

[C# Project] New /Volumes/The Intellify/Dhaval/Projects/Garvish/Projects/Git Hub/In-House-Car-Chase/in-house-car-chase-/In-House---Car-Battle-Project-main/KinoBloom.Runtime.csproj:
[C# Project]   027:     <DefineConstants>DEBUG;TRACE;UNITY_2020_3_23;UNITY_2020_3;UNITY_2020;UNITY_5_3_OR_NEWER;UNITY_5_4_OR_NEWER;UNITY_5_5_OR_NEWER;UNITY_5_6_OR_NEWER;UNITY_2017_1_OR_NEWER;UNITY_2017_2_OR_NEWER;UNITY_2017_3_OR_NEWER;UNITY_2017_4_OR_NEWER;UNITY_2018_1_OR_NEWER;UNITY_2018_2_OR_NEWER;UNITY_2018_3_OR_NEWER;UNITY_2018_4_OR_NEWER;UNITY_2019_1_OR_NEWER;UNITY_2019_2_OR_NEWER;UNITY_2019_3_OR_NEWER;UNITY_2019_4_OR_NEWER;UNITY_2020_1_OR_NEWER;UNITY_2020_2_OR_NEWER;UNITY_2020_3_OR_NEWER;PLATFORM_ARCH_64;UNITY_64;UNITY_INCLUDE_TESTS;UNITY_ANALYTICS;USE_SEARCH_ENGINE_API;SCENE_TEMPLATE_MODULE;ENABLE_AR;ENABLE_AUDIO;ENABLE_CACHING;ENABLE_CLOTH;ENABLE_MICROPHONE;ENABLE_MULTIPLE_DISPLAYS;ENABLE_PHYSICS;ENABLE_TEXTURE_STREAMING;ENABLE_VIRTUALTEXTURING;ENABLE_UNET;ENABLE_LZMA;ENABLE_UNITYEVENTS;ENABLE_VR;ENABLE_WEBCAM;ENABLE_UNITYWEBREQUEST;ENABLE_WWW;ENABLE_CLOUD_SERVICES;ENABLE_CLOUD_SERVICES_COLLAB;ENABLE_CLOUD_SERVICES_COLLAB_SOFTLOCKS;ENABLE_CLOUD_SERVICES_ADS;ENABLE_CLOUD_SERVICES_USE_WEBREQUEST;ENABLE_CLOUD_SERVICES_CRASH_REPORTING;ENABLE_CLOUD_SERVICES_NATIVE_CRASH_REPORTING;ENABLE_CLOUD_SERVICES_PURCHASING;ENABLE_CLOUD_SERVICES_ANALYTICS;ENABLE_CLOUD_SERVICES_UNET;ENABLE_CLOUD_SERVICES_BUILD;ENABLE_CLOUD_LICENSE;ENABLE_EDITOR_HUB_LICENSE;ENABLE_WEBSOCKET_CLIENT;ENABLE_DIRECTOR_AUDIO;ENABLE_DIRECTOR_TEXTURE;ENABLE_MANAGED_JOBS;ENABLE_MANAGED_TRANSFORM_JOBS;ENABLE_MANAGED_ANIMATION_JOBS;ENABLE_MANAGED_AUDIO_JOBS;INCLUDE_DYNAMIC_GI;ENABLE_MONO_BDWGC;ENABLE_SCRIPTING_GC_WBARRIERS;PLATFORM_SUPPORTS_MONO;RENDER_SOFTWARE_CURSOR;ENABLE_VIDEO;PLATFORM_STANDALONE;PLATFORM_STANDALONE_OSX;UNITY_STANDALONE_OSX;UNITY_STANDALONE;ENABLE_GAMECENTER;ENABLE_RUNTIME_GI;ENABLE_MOVIES;ENABLE_NETWORK;ENABLE_CRUNCH_TEXTURE_COMPRESSION;ENABLE_CLUSTER_SYNC;ENABLE_CLUSTERINPUT;ENABLE_SPATIALTRACKING;PLATFORM_UPDATES_TIME_OUTSIDE_OF_PLAYER_LOOP;ENABLE_WEBSOCKET_HOST;ENABLE_MONO;NET_4_6;ENABLE_PROFILER;UNITY_ASSERTIONS;UNITY_EDITOR;UNITY_EDITOR_64;UNITY_EDITOR_OSX;ENABLE_UNITY_COLLECTIONS_CHECKS;ENABLE_BURST_AOT;UNITY_TEAM_LICENSE;ENABLE_CUSTOM_RENDER_TEXTURE;ENABLE_DIRECTOR;ENABLE_LOCALIZATION;ENABLE_SPRITES;ENABLE_TERRAIN;ENABLE_TILEMAP;ENABLE_TIMELINE;ENABLE_LEGACY_INPUT_MANAGER;UNITY_POST_PROCESSING_STACK_V2;CROSS_PLATFORM_INPUT;CSHARP_7_OR_LATER;CSHARP_7_3_OR_NEWER</DefineConstants>
[C# Project]   028:     <ErrorReport>prompt</ErrorReport>
[C# Project]   029:     <WarningLevel>4</WarningLevel>
[C# Project]   030:     <NoWarn>0169</NoWarn>
[C# Project]   031:     <AllowUnsafeBlocks>False</AllowUnsafeBlocks>
[C# Project] Writing /Volumes/The Intellify/Dhaval/Projects/Garvish/Projects/Git Hub/In-House-Car-Chase/in-house-car-chase-/In-House---Car-Battle-Project-main/CFXRRuntime.csproj because it has changed
[C# Project] First difference on line 27

[C# Project] Current /Volumes/The Intellify/Dhaval/Projects/Garvish/Projects/Git Hub/In-House-Car-Chase/in-house-car-chase-/In-House---Car-Battle-Project-main/CFXRRuntime.csproj:
[C# Project]   027:     <DefineConstants>DEBUG;TRACE;UNITY_2020_3_23;UNITY_2020_3;UNITY_2020;UNITY_5_3_OR_NEWER;UNITY_5_4_OR_NEWER;UNITY_5_5_OR_NEWER;UNITY_5_6_OR_NEWER;UNITY_2017_1_OR_NEWER;UNITY_2017_2_OR_NEWER;UNITY_2017_3_OR_NEWER;UNITY_2017_4_OR_NEWER;UNITY_2018_1_OR_NEWER;UNITY_2018_2_OR_NEWER;UNITY_2018_3_OR_NEWER;UNITY_2018_4_OR_NEWER;UNITY_2019_1_OR_NEWER;UNITY_2019_2_OR_NEWER;UNITY_2019_3_OR_NEWER;UNITY_2019_4_OR_NEWER;UNITY_2020_1_OR_NEWER;UNITY_2020_2_OR_NEWER;UNITY_2020_3_OR_NEWER;UNITY_INCLUDE_TESTS;UNITY_ANALYTICS;USE_SEARCH_ENGINE_API;SCENE_TEMPLATE_MODULE;ENABLE_AR;ENABLE_AUDIO;ENABLE_CACHING;ENABLE_CLOTH;ENABLE_EVENT_QUEUE;ENABLE_MICROPHONE;ENABLE_MULTIPLE_DISPLAYS;ENABLE_PHYSICS;ENABLE_TEXTURE_STREAMING;ENABLE_UNET;ENABLE_LZMA;ENABLE_UNITYEVENTS;ENABLE_VR;ENABLE_WEBCAM;ENABLE_UNITYWEBREQUEST;ENABLE_WWW;ENABLE_CLOUD_SERVICES;ENABLE_CLOUD_SERVICES_COLLAB;ENABLE_CLOUD_SERVICES_COLLAB_SOFTLOCKS;ENABLE_CLOUD_SERVICES_ADS;ENABLE_CLOUD_SERVICES_USE_WEBREQUEST;ENABLE_CLOUD_SERVICES_CRASH_REPORTING;ENABLE_CLOUD_SERVICES_NATIVE_CRASH_REPORTING;ENABLE_CLOUD_SERVICES_PURCHASING;ENABLE_CLOUD_SERVICES_ANALYTICS;ENABLE_CLOUD_SERVICES_UNET;ENABLE_CLOUD_SERVICES_BUILD;ENABLE_CLOUD_LICENSE;ENABLE_EDITOR_HUB_LICENSE;ENABLE_WEBSOCKET_CLIENT;ENABLE_DIRECTOR_AUDIO;ENABLE_DIRECTOR_TEXTURE;ENABLE_MANAGED_JOBS;ENABLE_MANAGED_TRANSFORM_JOBS;ENABLE_MANAGED_ANIMATION_JOBS;ENABLE_MANAGED_AUDIO_JOBS;ENABLE_RUNTIME_PERMISSIONS;ENABLE_ENGINE_CODE_STRIPPING;ENABLE_ONSCREEN_KEYBOARD;INCLUDE_DYNAMIC_GI;ENABLE_MONO_BDWGC;ENABLE_SCRIPTING_GC_WBARRIERS;PLATFORM_SUPPORTS_MONO;ENABLE_VIDEO;PLATFORM_ANDROID;UNITY_ANDROID;UNITY_ANDROID_API;ENABLE_EGL;ENABLE_NETWORK;ENABLE_RUNTIME_GI;ENABLE_CRUNCH_TEXTURE_COMPRESSION;UNITY_CAN_SHOW_SPLASH_SCREEN;UNITY_HAS_GOOGLEVR;UNITY_HAS_TANGO;ENABLE_SPATIALTRACKING;PLATFORM_EXTENDS_VULKAN_DEVICE;PLATFORM_HAS_MULTIPLE_SWAPCHAINS;UNITY_ANDROID_SUPPORTS_SHADOWFILES;ENABLE_UNITYADS_RUNTIME;UNITY_UNITYADS_API;ENABLE_MONO;NET_4_6;ENABLE_PROFILER;UNITY_ASSERTIONS;UNITY_EDITOR;UNITY_EDITOR_64;UNITY_EDITOR_OSX;ENABLE_UNITY_COLLECTIONS_CHECKS;ENABLE_BURST_AOT;UNITY_TEAM_LICENSE;ENABLE_CUSTOM_RENDER_TEXTURE;ENABLE_DIRECTOR;ENABLE_LOCALIZATION;ENABLE_SPRITES;ENABLE_TERRAIN;ENABLE_TILEMAP;ENABLE_TIMELINE;ENABLE_LEGACY_INPUT_MANAGER;CROSS_PLATFORM_INPUT;MOBILE_INPUT;CSHARP_7_OR_LATER;CSHARP_7_3_OR_NEWER</DefineConstants>
[C# Project]   028:     <ErrorReport>prompt</ErrorReport>
[C# Project]   029:     <WarningLevel>4</WarningLevel>
[C# Project]   030:     <NoWarn>0169</NoWarn>
[C# Project]   031:     <AllowUnsafeBlocks>False</AllowUnsafeBlocks>

[C# Project] New /Volumes/The Intellify/Dhaval/Projects/Garvish/Projects/Git Hub/In-House-Car-Chase/in-house-car-chase-/In-House---Car-Battle-Project-main/CFXRRuntime.csproj:
[C# Project]   027:     <DefineConstants>DEBUG;TRACE;UNITY_2020_3_23;UNITY_2020_3;UNITY_2020;UNITY_5_3_OR_NEWER;UNITY_5_4_OR_NEWER;UNITY_5_5_OR_NEWER;UNITY_5_6_OR_NEWER;UNITY_2017_1_OR_NEWER;UNITY_2017_2_OR_NEWER;UNITY_2017_3_OR_NEWER;UNITY_2017_4_OR_NEWER;UNITY_2018_1_OR_NEWER;UNITY_2018_2_OR_NEWER;UNITY_2018_3_OR_NEWER;UNITY_2018_4_OR_NEWER;UNITY_2019_1_OR_NEWER;UNITY_2019_2_OR_NEWER;UNITY_2019_3_OR_NEWER;UNITY_2019_4_OR_NEWER;UNITY_2020_1_OR_NEWER;UNITY_2020_2_OR_NEWER;UNITY_2020_3_OR_NEWER;PLATFORM_ARCH_64;UNITY_64;UNITY_INCLUDE_TESTS;UNITY_ANALYTICS;USE_SEARCH_ENGINE_API;SCENE_TEMPLATE_MODULE;ENABLE_AR;ENABLE_AUDIO;ENABLE_CACHING;ENABLE_CLOTH;ENABLE_MICROPHONE;ENABLE_MULTIPLE_DISPLAYS;ENABLE_PHYSICS;ENABLE_TEXTURE_STREAMING;ENABLE_VIRTUALTEXTURING;ENABLE_UNET;ENABLE_LZMA;ENABLE_UNITYEVENTS;ENABLE_VR;ENABLE_WEBCAM;ENABLE_UNITYWEBREQUEST;ENABLE_WWW;ENABLE_CLOUD_SERVICES;ENABLE_CLOUD_SERVICES_COLLAB;ENABLE_CLOUD_SERVICES_COLLAB_SOFTLOCKS;ENABLE_CLOUD_SERVICES_ADS;ENABLE_CLOUD_SERVICES_USE_WEBREQUEST;ENABLE_CLOUD_SERVICES_CRASH_REPORTING;ENABLE_CLOUD_SERVICES_NATIVE_CRASH_REPORTING;ENABLE_CLOUD_SERVICES_PURCHASING;ENABLE_CLOUD_SERVICES_ANALYTICS;ENABLE_CLOUD_SERVICES_UNET;ENABLE_CLOUD_SERVICES_BUILD;ENABLE_CLOUD_LICENSE;ENABLE_EDITOR_HUB_LICENSE;ENABLE_WEBSOCKET_CLIENT;ENABLE_DIRECTOR_AUDIO;ENABLE_DIRECTOR_TEXTURE;ENABLE_MANAGED_JOBS;ENABLE_MANAGED_TRANSFORM_JOBS;ENABLE_MANAGED_ANIMATION_JOBS;ENABLE_MANAGED_AUDIO_JOBS;INCLUDE_DYNAMIC_GI;ENABLE_MONO_BDWGC;ENABLE_SCRIPTING_GC_WBARRIERS;PLATFORM_SUPPORTS_MONO;RENDER_SOFTWARE_CURSOR;ENABLE_VIDEO;PLATFORM_STANDALONE;PLATFORM_STANDALONE_OSX;UNITY_STANDALONE_OSX;UNITY_STANDALONE;ENABLE_GAMECENTER;ENABLE_RUNTIME_GI;ENABLE_MOVIES;ENABLE_NETWORK;ENABLE_CRUNCH_TEXTURE_COMPRESSION;ENABLE_CLUSTER_SYNC;ENABLE_CLUSTERINPUT;ENABLE_SPATIALTRACKING;PLATFORM_UPDATES_TIME_OUTSIDE_OF_PLAYER_LOOP;ENABLE_WEBSOCKET_HOST;ENABLE_MONO;NET_4_6;ENABLE_PROFILER;UNITY_ASSERTIONS;UNITY_EDITOR;UNITY_EDITOR_64;UNITY_EDITOR_OSX;ENABLE_UNITY_COLLECTIONS_CHECKS;ENABLE_BURST_AOT;UNITY_TEAM_LICENSE;ENABLE_CUSTOM_RENDER_TEXTURE;ENABLE_DIRECTOR;ENABLE_LOCALIZATION;ENABLE_SPRITES;ENABLE_TERRAIN;ENABLE_TILEMAP;ENABLE_TIMELINE;ENABLE_LEGACY_INPUT_MANAGER;UNITY_POST_PROCESSING_STACK_V2;CROSS_PLATFORM_INPUT;CSHARP_7_OR_LATER;CSHARP_7_3_OR_NEWER</DefineConstants>
[C# Project]   028:     <ErrorReport>prompt</ErrorReport>
[C# Project]   029:     <WarningLevel>4</WarningLevel>
[C# Project]   030:     <NoWarn>0169</NoWarn>
[C# Project]   031:     <AllowUnsafeBlocks>False</AllowUnsafeBlocks>
[C# Project] Writing /Volumes/The Intellify/Dhaval/Projects/Garvish/Projects/Git Hub/In-House-Car-Chase/in-house-car-chase-/In-House---Car-Battle-Project-main/ToonyColorsPro.Demo.Editor.csproj because it has changed
[C# Project] First difference on line 27

[C# Project] Current /Volumes/The Intellify/Dhaval/Projects/Garvish/Projects/Git Hub/In-House-Car-Chase/in-house-car-chase-/In-House---Car-Battle-Project-main/ToonyColorsPro.Demo.Editor.csproj:
[C# Project]   027:     <DefineConstants>DEBUG;TRACE;UNITY_2020_3_23;UNITY_2020_3;UNITY_2020;UNITY_5_3_OR_NEWER;UNITY_5_4_OR_NEWER;UNITY_5_5_OR_NEWER;UNITY_5_6_OR_NEWER;UNITY_2017_1_OR_NEWER;UNITY_2017_2_OR_NEWER;UNITY_2017_3_OR_NEWER;UNITY_2017_4_OR_NEWER;UNITY_2018_1_OR_NEWER;UNITY_2018_2_OR_NEWER;UNITY_2018_3_OR_NEWER;UNITY_2018_4_OR_NEWER;UNITY_2019_1_OR_NEWER;UNITY_2019_2_OR_NEWER;UNITY_2019_3_OR_NEWER;UNITY_2019_4_OR_NEWER;UNITY_2020_1_OR_NEWER;UNITY_2020_2_OR_NEWER;UNITY_2020_3_OR_NEWER;UNITY_INCLUDE_TESTS;UNITY_ANALYTICS;USE_SEARCH_ENGINE_API;SCENE_TEMPLATE_MODULE;ENABLE_AR;ENABLE_AUDIO;ENABLE_CACHING;ENABLE_CLOTH;ENABLE_EVENT_QUEUE;ENABLE_MICROPHONE;ENABLE_MULTIPLE_DISPLAYS;ENABLE_PHYSICS;ENABLE_TEXTURE_STREAMING;ENABLE_UNET;ENABLE_LZMA;ENABLE_UNITYEVENTS;ENABLE_VR;ENABLE_WEBCAM;ENABLE_UNITYWEBREQUEST;ENABLE_WWW;ENABLE_CLOUD_SERVICES;ENABLE_CLOUD_SERVICES_COLLAB;ENABLE_CLOUD_SERVICES_COLLAB_SOFTLOCKS;ENABLE_CLOUD_SERVICES_ADS;ENABLE_CLOUD_SERVICES_USE_WEBREQUEST;ENABLE_CLOUD_SERVICES_CRASH_REPORTING;ENABLE_CLOUD_SERVICES_NATIVE_CRASH_REPORTING;ENABLE_CLOUD_SERVICES_PURCHASING;ENABLE_CLOUD_SERVICES_ANALYTICS;ENABLE_CLOUD_SERVICES_UNET;ENABLE_CLOUD_SERVICES_BUILD;ENABLE_CLOUD_LICENSE;ENABLE_EDITOR_HUB_LICENSE;ENABLE_WEBSOCKET_CLIENT;ENABLE_DIRECTOR_AUDIO;ENABLE_DIRECTOR_TEXTURE;ENABLE_MANAGED_JOBS;ENABLE_MANAGED_TRANSFORM_JOBS;ENABLE_MANAGED_ANIMATION_JOBS;ENABLE_MANAGED_AUDIO_JOBS;ENABLE_RUNTIME_PERMISSIONS;ENABLE_ENGINE_CODE_STRIPPING;ENABLE_ONSCREEN_KEYBOARD;INCLUDE_DYNAMIC_GI;ENABLE_MONO_BDWGC;ENABLE_SCRIPTING_GC_WBARRIERS;PLATFORM_SUPPORTS_MONO;ENABLE_VIDEO;PLATFORM_ANDROID;UNITY_ANDROID;UNITY_ANDROID_API;ENABLE_EGL;ENABLE_NETWORK;ENABLE_RUNTIME_GI;ENABLE_CRUNCH_TEXTURE_COMPRESSION;UNITY_CAN_SHOW_SPLASH_SCREEN;UNITY_HAS_GOOGLEVR;UNITY_HAS_TANGO;ENABLE_SPATIALTRACKING;PLATFORM_EXTENDS_VULKAN_DEVICE;PLATFORM_HAS_MULTIPLE_SWAPCHAINS;UNITY_ANDROID_SUPPORTS_SHADOWFILES;ENABLE_UNITYADS_RUNTIME;UNITY_UNITYADS_API;ENABLE_MONO;NET_4_6;ENABLE_PROFILER;UNITY_ASSERTIONS;UNITY_EDITOR;UNITY_EDITOR_64;UNITY_EDITOR_OSX;ENABLE_UNITY_COLLECTIONS_CHECKS;ENABLE_BURST_AOT;UNITY_TEAM_LICENSE;ENABLE_CUSTOM_RENDER_TEXTURE;ENABLE_DIRECTOR;ENABLE_LOCALIZATION;ENABLE_SPRITES;ENABLE_TERRAIN;ENABLE_TILEMAP;ENABLE_TIMELINE;ENABLE_LEGACY_INPUT_MANAGER;CROSS_PLATFORM_INPUT;MOBILE_INPUT;CSHARP_7_OR_LATER;CSHARP_7_3_OR_NEWER</DefineConstants>
[C# Project]   028:     <ErrorReport>prompt</ErrorReport>
[C# Project]   029:     <WarningLevel>4</WarningLevel>
[C# Project]   030:     <NoWarn>0169</NoWarn>
[C# Project]   031:     <AllowUnsafeBlocks>False</AllowUnsafeBlocks>

[C# Project] New /Volumes/The Intellify/Dhaval/Projects/Garvish/Projects/Git Hub/In-House-Car-Chase/in-house-car-chase-/In-House---Car-Battle-Project-main/ToonyColorsPro.Demo.Editor.csproj:
[C# Project]   027:     <DefineConstants>DEBUG;TRACE;UNITY_2020_3_23;UNITY_2020_3;UNITY_2020;UNITY_5_3_OR_NEWER;UNITY_5_4_OR_NEWER;UNITY_5_5_OR_NEWER;UNITY_5_6_OR_NEWER;UNITY_2017_1_OR_NEWER;UNITY_2017_2_OR_NEWER;UNITY_2017_3_OR_NEWER;UNITY_2017_4_OR_NEWER;UNITY_2018_1_OR_NEWER;UNITY_2018_2_OR_NEWER;UNITY_2018_3_OR_NEWER;UNITY_2018_4_OR_NEWER;UNITY_2019_1_OR_NEWER;UNITY_2019_2_OR_NEWER;UNITY_2019_3_OR_NEWER;UNITY_2019_4_OR_NEWER;UNITY_2020_1_OR_NEWER;UNITY_2020_2_OR_NEWER;UNITY_2020_3_OR_NEWER;PLATFORM_ARCH_64;UNITY_64;UNITY_INCLUDE_TESTS;UNITY_ANALYTICS;USE_SEARCH_ENGINE_API;SCENE_TEMPLATE_MODULE;ENABLE_AR;ENABLE_AUDIO;ENABLE_CACHING;ENABLE_CLOTH;ENABLE_MICROPHONE;ENABLE_MULTIPLE_DISPLAYS;ENABLE_PHYSICS;ENABLE_TEXTURE_STREAMING;ENABLE_VIRTUALTEXTURING;ENABLE_UNET;ENABLE_LZMA;ENABLE_UNITYEVENTS;ENABLE_VR;ENABLE_WEBCAM;ENABLE_UNITYWEBREQUEST;ENABLE_WWW;ENABLE_CLOUD_SERVICES;ENABLE_CLOUD_SERVICES_COLLAB;ENABLE_CLOUD_SERVICES_COLLAB_SOFTLOCKS;ENABLE_CLOUD_SERVICES_ADS;ENABLE_CLOUD_SERVICES_USE_WEBREQUEST;ENABLE_CLOUD_SERVICES_CRASH_REPORTING;ENABLE_CLOUD_SERVICES_NATIVE_CRASH_REPORTING;ENABLE_CLOUD_SERVICES_PURCHASING;ENABLE_CLOUD_SERVICES_ANALYTICS;ENABLE_CLOUD_SERVICES_UNET;ENABLE_CLOUD_SERVICES_BUILD;ENABLE_CLOUD_LICENSE;ENABLE_EDITOR_HUB_LICENSE;ENABLE_WEBSOCKET_CLIENT;ENABLE_DIRECTOR_AUDIO;ENABLE_DIRECTOR_TEXTURE;ENABLE_MANAGED_JOBS;ENABLE_MANAGED_TRANSFORM_JOBS;ENABLE_MANAGED_ANIMATION_JOBS;ENABLE_MANAGED_AUDIO_JOBS;INCLUDE_DYNAMIC_GI;ENABLE_MONO_BDWGC;ENABLE_SCRIPTING_GC_WBARRIERS;PLATFORM_SUPPORTS_MONO;RENDER_SOFTWARE_CURSOR;ENABLE_VIDEO;PLATFORM_STANDALONE;PLATFORM_STANDALONE_OSX;UNITY_STANDALONE_OSX;UNITY_STANDALONE;ENABLE_GAMECENTER;ENABLE_RUNTIME_GI;ENABLE_MOVIES;ENABLE_NETWORK;ENABLE_CRUNCH_TEXTURE_COMPRESSION;ENABLE_CLUSTER_SYNC;ENABLE_CLUSTERINPUT;ENABLE_SPATIALTRACKING;PLATFORM_UPDATES_TIME_OUTSIDE_OF_PLAYER_LOOP;ENABLE_WEBSOCKET_HOST;ENABLE_MONO;NET_4_6;ENABLE_PROFILER;UNITY_ASSERTIONS;UNITY_EDITOR;UNITY_EDITOR_64;UNITY_EDITOR_OSX;ENABLE_UNITY_COLLECTIONS_CHECKS;ENABLE_BURST_AOT;UNITY_TEAM_LICENSE;ENABLE_CUSTOM_RENDER_TEXTURE;ENABLE_DIRECTOR;ENABLE_LOCALIZATION;ENABLE_SPRITES;ENABLE_TERRAIN;ENABLE_TILEMAP;ENABLE_TIMELINE;ENABLE_LEGACY_INPUT_MANAGER;UNITY_POST_PROCESSING_STACK_V2;CROSS_PLATFORM_INPUT;CSHARP_7_OR_LATER;CSHARP_7_3_OR_NEWER</DefineConstants>
[C# Project]   028:     <ErrorReport>prompt</ErrorReport>
[C# Project]   029:     <WarningLevel>4</WarningLevel>
[C# Project]   030:     <NoWarn>0169</NoWarn>
[C# Project]   031:     <AllowUnsafeBlocks>False</AllowUnsafeBlocks>
[C# Project] Writing /Volumes/The Intellify/Dhaval/Projects/Garvish/Projects/Git Hub/In-House-Car-Chase/in-house-car-chase-/In-House---Car-Battle-Project-main/CFXREditor.csproj because it has changed
[C# Project] First difference on line 27

[C# Project] Current /Volumes/The Intellify/Dhaval/Projects/Garvish/Projects/Git Hub/In-House-Car-Chase/in-house-car-chase-/In-House---Car-Battle-Project-main/CFXREditor.csproj:
[C# Project]   027:     <DefineConstants>DEBUG;TRACE;UNITY_2020_3_23;UNITY_2020_3;UNITY_2020;UNITY_5_3_OR_NEWER;UNITY_5_4_OR_NEWER;UNITY_5_5_OR_NEWER;UNITY_5_6_OR_NEWER;UNITY_2017_1_OR_NEWER;UNITY_2017_2_OR_NEWER;UNITY_2017_3_OR_NEWER;UNITY_2017_4_OR_NEWER;UNITY_2018_1_OR_NEWER;UNITY_2018_2_OR_NEWER;UNITY_2018_3_OR_NEWER;UNITY_2018_4_OR_NEWER;UNITY_2019_1_OR_NEWER;UNITY_2019_2_OR_NEWER;UNITY_2019_3_OR_NEWER;UNITY_2019_4_OR_NEWER;UNITY_2020_1_OR_NEWER;UNITY_2020_2_OR_NEWER;UNITY_2020_3_OR_NEWER;UNITY_INCLUDE_TESTS;UNITY_ANALYTICS;USE_SEARCH_ENGINE_API;SCENE_TEMPLATE_MODULE;ENABLE_AR;ENABLE_AUDIO;ENABLE_CACHING;ENABLE_CLOTH;ENABLE_EVENT_QUEUE;ENABLE_MICROPHONE;ENABLE_MULTIPLE_DISPLAYS;ENABLE_PHYSICS;ENABLE_TEXTURE_STREAMING;ENABLE_UNET;ENABLE_LZMA;ENABLE_UNITYEVENTS;ENABLE_VR;ENABLE_WEBCAM;ENABLE_UNITYWEBREQUEST;ENABLE_WWW;ENABLE_CLOUD_SERVICES;ENABLE_CLOUD_SERVICES_COLLAB;ENABLE_CLOUD_SERVICES_COLLAB_SOFTLOCKS;ENABLE_CLOUD_SERVICES_ADS;ENABLE_CLOUD_SERVICES_USE_WEBREQUEST;ENABLE_CLOUD_SERVICES_CRASH_REPORTING;ENABLE_CLOUD_SERVICES_NATIVE_CRASH_REPORTING;ENABLE_CLOUD_SERVICES_PURCHASING;ENABLE_CLOUD_SERVICES_ANALYTICS;ENABLE_CLOUD_SERVICES_UNET;ENABLE_CLOUD_SERVICES_BUILD;ENABLE_CLOUD_LICENSE;ENABLE_EDITOR_HUB_LICENSE;ENABLE_WEBSOCKET_CLIENT;ENABLE_DIRECTOR_AUDIO;ENABLE_DIRECTOR_TEXTURE;ENABLE_MANAGED_JOBS;ENABLE_MANAGED_TRANSFORM_JOBS;ENABLE_MANAGED_ANIMATION_JOBS;ENABLE_MANAGED_AUDIO_JOBS;ENABLE_RUNTIME_PERMISSIONS;ENABLE_ENGINE_CODE_STRIPPING;ENABLE_ONSCREEN_KEYBOARD;INCLUDE_DYNAMIC_GI;ENABLE_MONO_BDWGC;ENABLE_SCRIPTING_GC_WBARRIERS;PLATFORM_SUPPORTS_MONO;ENABLE_VIDEO;PLATFORM_ANDROID;UNITY_ANDROID;UNITY_ANDROID_API;ENABLE_EGL;ENABLE_NETWORK;ENABLE_RUNTIME_GI;ENABLE_CRUNCH_TEXTURE_COMPRESSION;UNITY_CAN_SHOW_SPLASH_SCREEN;UNITY_HAS_GOOGLEVR;UNITY_HAS_TANGO;ENABLE_SPATIALTRACKING;PLATFORM_EXTENDS_VULKAN_DEVICE;PLATFORM_HAS_MULTIPLE_SWAPCHAINS;UNITY_ANDROID_SUPPORTS_SHADOWFILES;ENABLE_UNITYADS_RUNTIME;UNITY_UNITYADS_API;ENABLE_MONO;NET_4_6;ENABLE_PROFILER;UNITY_ASSERTIONS;UNITY_EDITOR;UNITY_EDITOR_64;UNITY_EDITOR_OSX;ENABLE_UNITY_COLLECTIONS_CHECKS;ENABLE_BURST_AOT;UNITY_TEAM_LICENSE;ENABLE_CUSTOM_RENDER_TEXTURE;ENABLE_DIRECTOR;ENABLE_LOCALIZATION;ENABLE_SPRITES;ENABLE_TERRAIN;ENABLE_TILEMAP;ENABLE_TIMELINE;ENABLE_LEGACY_INPUT_MANAGER;CROSS_PLATFORM_INPUT;MOBILE_INPUT;CSHARP_7_OR_LATER;CSHARP_7_3_OR_NEWER</DefineConstants>
[C# Project]   028:     <ErrorReport>prompt</ErrorReport>
[C# Project]   029:     <WarningLevel>4</WarningLevel>
[C# Project]   030:     <NoWarn>0169</NoWarn>
[C# Project]   031:     <AllowUnsafeBlocks>False</AllowUnsafeBlocks>

[C# Project] New /Volumes/The Intellify/Dhaval/Projects/Garvish/Projects/Git Hub/In-House-Car-Chase/in-house-car-chase-/In-House---Car-Battle-Project-main/CFXREditor.csproj:
[C# Project]   027:     <DefineConstants>DEBUG;TRACE;UNITY_2020_3_23;UNITY_2020_3;UNITY_2020;UNITY_5_3_OR_NEWER;UNITY_5_4_OR_NEWER;UNITY_5_5_OR_NEWER;UNITY_5_6_OR_NEWER;UNITY_2017_1_OR_NEWER;UNITY_2017_2_OR_NEWER;UNITY_2017_3_OR_NEWER;UNITY_2017_4_OR_NEWER;UNITY_2018_1_OR_NEWER;UNITY_2018_2_OR_NEWER;UNITY_2018_3_OR_NEWER;UNITY_2018_4_OR_NEWER;UNITY_2019_1_OR_NEWER;UNITY_2019_2_OR_NEWER;UNITY_2019_3_OR_NEWER;UNITY_2019_4_OR_NEWER;UNITY_2020_1_OR_NEWER;UNITY_2020_2_OR_NEWER;UNITY_2020_3_OR_NEWER;PLATFORM_ARCH_64;UNITY_64;UNITY_INCLUDE_TESTS;UNITY_ANALYTICS;USE_SEARCH_ENGINE_API;SCENE_TEMPLATE_MODULE;ENABLE_AR;ENABLE_AUDIO;ENABLE_CACHING;ENABLE_CLOTH;ENABLE_MICROPHONE;ENABLE_MULTIPLE_DISPLAYS;ENABLE_PHYSICS;ENABLE_TEXTURE_STREAMING;ENABLE_VIRTUALTEXTURING;ENABLE_UNET;ENABLE_LZMA;ENABLE_UNITYEVENTS;ENABLE_VR;ENABLE_WEBCAM;ENABLE_UNITYWEBREQUEST;ENABLE_WWW;ENABLE_CLOUD_SERVICES;ENABLE_CLOUD_SERVICES_COLLAB;ENABLE_CLOUD_SERVICES_COLLAB_SOFTLOCKS;ENABLE_CLOUD_SERVICES_ADS;ENABLE_CLOUD_SERVICES_USE_WEBREQUEST;ENABLE_CLOUD_SERVICES_CRASH_REPORTING;ENABLE_CLOUD_SERVICES_NATIVE_CRASH_REPORTING;ENABLE_CLOUD_SERVICES_PURCHASING;ENABLE_CLOUD_SERVICES_ANALYTICS;ENABLE_CLOUD_SERVICES_UNET;ENABLE_CLOUD_SERVICES_BUILD;ENABLE_CLOUD_LICENSE;ENABLE_EDITOR_HUB_LICENSE;ENABLE_WEBSOCKET_CLIENT;ENABLE_DIRECTOR_AUDIO;ENABLE_DIRECTOR_TEXTURE;ENABLE_MANAGED_JOBS;ENABLE_MANAGED_TRANSFORM_JOBS;ENABLE_MANAGED_ANIMATION_JOBS;ENABLE_MANAGED_AUDIO_JOBS;INCLUDE_DYNAMIC_GI;ENABLE_MONO_BDWGC;ENABLE_SCRIPTING_GC_WBARRIERS;PLATFORM_SUPPORTS_MONO;RENDER_SOFTWARE_CURSOR;ENABLE_VIDEO;PLATFORM_STANDALONE;PLATFORM_STANDALONE_OSX;UNITY_STANDALONE_OSX;UNITY_STANDALONE;ENABLE_GAMECENTER;ENABLE_RUNTIME_GI;ENABLE_MOVIES;ENABLE_NETWORK;ENABLE_CRUNCH_TEXTURE_COMPRESSION;ENABLE_CLUSTER_SYNC;ENABLE_CLUSTERINPUT;ENABLE_SPATIALTRACKING;PLATFORM_UPDATES_TIME_OUTSIDE_OF_PLAYER_LOOP;ENABLE_WEBSOCKET_HOST;ENABLE_MONO;NET_4_6;ENABLE_PROFILER;UNITY_ASSERTIONS;UNITY_EDITOR;UNITY_EDITOR_64;UNITY_EDITOR_OSX;ENABLE_UNITY_COLLECTIONS_CHECKS;ENABLE_BURST_AOT;UNITY_TEAM_LICENSE;ENABLE_CUSTOM_RENDER_TEXTURE;ENABLE_DIRECTOR;ENABLE_LOCALIZATION;ENABLE_SPRITES;ENABLE_TERRAIN;ENABLE_TILEMAP;ENABLE_TIMELINE;ENABLE_LEGACY_INPUT_MANAGER;UNITY_POST_PROCESSING_STACK_V2;CROSS_PLATFORM_INPUT;CSHARP_7_OR_LATER;CSHARP_7_3_OR_NEWER</DefineConstants>
[C# Project]   028:     <ErrorReport>prompt</ErrorReport>
[C# Project]   029:     <WarningLevel>4</WarningLevel>
[C# Project]   030:     <NoWarn>0169</NoWarn>
[C# Project]   031:     <AllowUnsafeBlocks>False</AllowUnsafeBlocks>
[C# Project] Writing /Volumes/The Intellify/Dhaval/Projects/Garvish/Projects/Git Hub/In-House-Car-Chase/in-house-car-chase-/In-House---Car-Battle-Project-main/Assembly-CSharp-Editor.csproj because it has changed
[C# Project] First difference on line 27

[C# Project] Current /Volumes/The Intellify/Dhaval/Projects/Garvish/Projects/Git Hub/In-House-Car-Chase/in-house-car-chase-/In-House---Car-Battle-Project-main/Assembly-CSharp-Editor.csproj:
[C# Project]   027:     <DefineConstants>DEBUG;TRACE;UNITY_2020_3_23;UNITY_2020_3;UNITY_2020;UNITY_5_3_OR_NEWER;UNITY_5_4_OR_NEWER;UNITY_5_5_OR_NEWER;UNITY_5_6_OR_NEWER;UNITY_2017_1_OR_NEWER;UNITY_2017_2_OR_NEWER;UNITY_2017_3_OR_NEWER;UNITY_2017_4_OR_NEWER;UNITY_2018_1_OR_NEWER;UNITY_2018_2_OR_NEWER;UNITY_2018_3_OR_NEWER;UNITY_2018_4_OR_NEWER;UNITY_2019_1_OR_NEWER;UNITY_2019_2_OR_NEWER;UNITY_2019_3_OR_NEWER;UNITY_2019_4_OR_NEWER;UNITY_2020_1_OR_NEWER;UNITY_2020_2_OR_NEWER;UNITY_2020_3_OR_NEWER;UNITY_INCLUDE_TESTS;UNITY_ANALYTICS;USE_SEARCH_ENGINE_API;SCENE_TEMPLATE_MODULE;ENABLE_AR;ENABLE_AUDIO;ENABLE_CACHING;ENABLE_CLOTH;ENABLE_EVENT_QUEUE;ENABLE_MICROPHONE;ENABLE_MULTIPLE_DISPLAYS;ENABLE_PHYSICS;ENABLE_TEXTURE_STREAMING;ENABLE_UNET;ENABLE_LZMA;ENABLE_UNITYEVENTS;ENABLE_VR;ENABLE_WEBCAM;ENABLE_UNITYWEBREQUEST;ENABLE_WWW;ENABLE_CLOUD_SERVICES;ENABLE_CLOUD_SERVICES_COLLAB;ENABLE_CLOUD_SERVICES_COLLAB_SOFTLOCKS;ENABLE_CLOUD_SERVICES_ADS;ENABLE_CLOUD_SERVICES_USE_WEBREQUEST;ENABLE_CLOUD_SERVICES_CRASH_REPORTING;ENABLE_CLOUD_SERVICES_NATIVE_CRASH_REPORTING;ENABLE_CLOUD_SERVICES_PURCHASING;ENABLE_CLOUD_SERVICES_ANALYTICS;ENABLE_CLOUD_SERVICES_UNET;ENABLE_CLOUD_SERVICES_BUILD;ENABLE_CLOUD_LICENSE;ENABLE_EDITOR_HUB_LICENSE;ENABLE_WEBSOCKET_CLIENT;ENABLE_DIRECTOR_AUDIO;ENABLE_DIRECTOR_TEXTURE;ENABLE_MANAGED_JOBS;ENABLE_MANAGED_TRANSFORM_JOBS;ENABLE_MANAGED_ANIMATION_JOBS;ENABLE_MANAGED_AUDIO_JOBS;ENABLE_RUNTIME_PERMISSIONS;ENABLE_ENGINE_CODE_STRIPPING;ENABLE_ONSCREEN_KEYBOARD;INCLUDE_DYNAMIC_GI;ENABLE_MONO_BDWGC;ENABLE_SCRIPTING_GC_WBARRIERS;PLATFORM_SUPPORTS_MONO;ENABLE_VIDEO;PLATFORM_ANDROID;UNITY_ANDROID;UNITY_ANDROID_API;ENABLE_EGL;ENABLE_NETWORK;ENABLE_RUNTIME_GI;ENABLE_CRUNCH_TEXTURE_COMPRESSION;UNITY_CAN_SHOW_SPLASH_SCREEN;UNITY_HAS_GOOGLEVR;UNITY_HAS_TANGO;ENABLE_SPATIALTRACKING;PLATFORM_EXTENDS_VULKAN_DEVICE;PLATFORM_HAS_MULTIPLE_SWAPCHAINS;UNITY_ANDROID_SUPPORTS_SHADOWFILES;ENABLE_UNITYADS_RUNTIME;UNITY_UNITYADS_API;ENABLE_MONO;NET_4_6;ENABLE_PROFILER;UNITY_ASSERTIONS;UNITY_EDITOR;UNITY_EDITOR_64;UNITY_EDITOR_OSX;ENABLE_UNITY_COLLECTIONS_CHECKS;ENABLE_BURST_AOT;UNITY_TEAM_LICENSE;ENABLE_CUSTOM_RENDER_TEXTURE;ENABLE_DIRECTOR;ENABLE_LOCALIZATION;ENABLE_SPRITES;ENABLE_TERRAIN;ENABLE_TILEMAP;ENABLE_TIMELINE;ENABLE_LEGACY_INPUT_MANAGER;CROSS_PLATFORM_INPUT;MOBILE_INPUT;CSHARP_7_OR_LATER;CSHARP_7_3_OR_NEWER</DefineConstants>
[C# Project]   028:     <ErrorReport>prompt</ErrorReport>
[C# Project]   029:     <WarningLevel>4</WarningLevel>
[C# Project]   030:     <NoWarn>0169</NoWarn>
[C# Project]   031:     <AllowUnsafeBlocks>False</AllowUnsafeBlocks>

[C# Project] New /Volumes/The Intellify/Dhaval/Projects/Garvish/Projects/Git Hub/In-House-Car-Chase/in-house-car-chase-/In-House---Car-Battle-Project-main/Assembly-CSharp-Editor.csproj:
[C# Project]   027:     <DefineConstants>DEBUG;TRACE;UNITY_2020_3_23;UNITY_2020_3;UNITY_2020;UNITY_5_3_OR_NEWER;UNITY_5_4_OR_NEWER;UNITY_5_5_OR_NEWER;UNITY_5_6_OR_NEWER;UNITY_2017_1_OR_NEWER;UNITY_2017_2_OR_NEWER;UNITY_2017_3_OR_NEWER;UNITY_2017_4_OR_NEWER;UNITY_2018_1_OR_NEWER;UNITY_2018_2_OR_NEWER;UNITY_2018_3_OR_NEWER;UNITY_2018_4_OR_NEWER;UNITY_2019_1_OR_NEWER;UNITY_2019_2_OR_NEWER;UNITY_2019_3_OR_NEWER;UNITY_2019_4_OR_NEWER;UNITY_2020_1_OR_NEWER;UNITY_2020_2_OR_NEWER;UNITY_2020_3_OR_NEWER;PLATFORM_ARCH_64;UNITY_64;UNITY_INCLUDE_TESTS;UNITY_ANALYTICS;USE_SEARCH_ENGINE_API;SCENE_TEMPLATE_MODULE;ENABLE_AR;ENABLE_AUDIO;ENABLE_CACHING;ENABLE_CLOTH;ENABLE_MICROPHONE;ENABLE_MULTIPLE_DISPLAYS;ENABLE_PHYSICS;ENABLE_TEXTURE_STREAMING;ENABLE_VIRTUALTEXTURING;ENABLE_UNET;ENABLE_LZMA;ENABLE_UNITYEVENTS;ENABLE_VR;ENABLE_WEBCAM;ENABLE_UNITYWEBREQUEST;ENABLE_WWW;ENABLE_CLOUD_SERVICES;ENABLE_CLOUD_SERVICES_COLLAB;ENABLE_CLOUD_SERVICES_COLLAB_SOFTLOCKS;ENABLE_CLOUD_SERVICES_ADS;ENABLE_CLOUD_SERVICES_USE_WEBREQUEST;ENABLE_CLOUD_SERVICES_CRASH_REPORTING;ENABLE_CLOUD_SERVICES_NATIVE_CRASH_REPORTING;ENABLE_CLOUD_SERVICES_PURCHASING;ENABLE_CLOUD_SERVICES_ANALYTICS;ENABLE_CLOUD_SERVICES_UNET;ENABLE_CLOUD_SERVICES_BUILD;ENABLE_CLOUD_LICENSE;ENABLE_EDITOR_HUB_LICENSE;ENABLE_WEBSOCKET_CLIENT;ENABLE_DIRECTOR_AUDIO;ENABLE_DIRECTOR_TEXTURE;ENABLE_MANAGED_JOBS;ENABLE_MANAGED_TRANSFORM_JOBS;ENABLE_MANAGED_ANIMATION_JOBS;ENABLE_MANAGED_AUDIO_JOBS;INCLUDE_DYNAMIC_GI;ENABLE_MONO_BDWGC;ENABLE_SCRIPTING_GC_WBARRIERS;PLATFORM_SUPPORTS_MONO;RENDER_SOFTWARE_CURSOR;ENABLE_VIDEO;PLATFORM_STANDALONE;PLATFORM_STANDALONE_OSX;UNITY_STANDALONE_OSX;UNITY_STANDALONE;ENABLE_GAMECENTER;ENABLE_RUNTIME_GI;ENABLE_MOVIES;ENABLE_NETWORK;ENABLE_CRUNCH_TEXTURE_COMPRESSION;ENABLE_CLUSTER_SYNC;ENABLE_CLUSTERINPUT;ENABLE_SPATIALTRACKING;PLATFORM_UPDATES_TIME_OUTSIDE_OF_PLAYER_LOOP;ENABLE_WEBSOCKET_HOST;ENABLE_MONO;NET_4_6;ENABLE_PROFILER;UNITY_ASSERTIONS;UNITY_EDITOR;UNITY_EDITOR_64;UNITY_EDITOR_OSX;ENABLE_UNITY_COLLECTIONS_CHECKS;ENABLE_BURST_AOT;UNITY_TEAM_LICENSE;ENABLE_CUSTOM_RENDER_TEXTURE;ENABLE_DIRECTOR;ENABLE_LOCALIZATION;ENABLE_SPRITES;ENABLE_TERRAIN;ENABLE_TILEMAP;ENABLE_TIMELINE;ENABLE_LEGACY_INPUT_MANAGER;UNITY_POST_PROCESSING_STACK_V2;CROSS_PLATFORM_INPUT;CSHARP_7_OR_LATER;CSHARP_7_3_OR_NEWER</DefineConstants>
[C# Project]   028:     <ErrorReport>prompt</ErrorReport>
[C# Project]   029:     <WarningLevel>4</WarningLevel>
[C# Project]   030:     <NoWarn>0169</NoWarn>
[C# Project]   031:     <AllowUnsafeBlocks>False</AllowUnsafeBlocks>
2022-09-09 12:33:34.613 Unity[5031:52311] NSEventModifierFlagFunction specified to -setKeyEquivalentModifierMask: for item <NSMenuItem: 0x600002284e70 Font Asset, ke='Command-F12'>, but is only supported for system-provided menu items; will not be used
2022-09-09 12:33:34.618 Unity[5031:52311] NSEventModifierFlagFunction specified to -setKeyEquivalentModifierMask: for item <NSMenuItem: 0x6000022b27d0 Font Asset, ke='Command-F12'>, but is only supported for system-provided menu items; will not be used
========================================================================
Worker process is ready to serve import requests
Refreshing native plugins compatible for Editor in 1.11 ms, found 1 plugins.
Preloading 0 native plugins for Editor in 0.00 ms.
Unloading 2046 Unused Serialized files (Serialized files now loaded: 0)
System memory in use before: 286.6 MB.
System memory in use after: 285.4 MB.

Unloading 266 unused Assets to reduce memory usage. Loaded Objects now: 2512.
Total: 7.045493 ms (FindLiveObjects: 0.259696 ms CreateObjectMapping: 0.084516 ms MarkObjects: 5.683024 ms  DeleteObjects: 1.017210 ms)

AssetImportParameters requested are different than current active one (requested -> active):
  custom:video-decoder-ogg-theora: a1e56fd34408186e4bbccfd4996cb3dc -> 
  custom:container-muxer-webm: aa71ff27fc2769a1b78a27578f13a17b -> 
  custom:container-demuxer-webm: 4f35f7cbe854078d1ac9338744f61a02 -> 
  custom:container-demuxer-ogg: 62fdf1f143b41e24485cea50d1cbac27 -> 
  custom:video-encoder-webm-vp8: eb34c28f22e8b96e1ab97ce403110664 -> 
  custom:framework-osx-AVFoundation: e770b220cccbd017edd2c1fefb359320 -> 
  custom:video-decoder-webm-vp8: 9c59270c3fd7afecdb556c50c9e8de78 -> 
  custom:audio-decoder-ogg-vorbis: bf7c407c2cedff20999df2af8eb42d56 -> 
  custom:audio-encoder-webm-vorbis: bf7c407c2cedff20999df2af8eb42d56 -> 
========================================================================
Received Import Request.
  path: Assets/Toon Assets/Prefabs_Usable/Vehicles Police & AI/Completed AI/AI_2B (5 K) Van.prefab
  artifactKey: Guid(010b6e792d5db014595c20f3ac2dfd26) Importer(815301076,1909f56bfc062723c751e8b465ee728b)
Start importing Assets/Toon Assets/Prefabs_Usable/Vehicles Police & AI/Completed AI/AI_2B (5 K) Van.prefab using Guid(010b6e792d5db014595c20f3ac2dfd26) Importer(815301076,1909f56bfc062723c751e8b465ee728b)  -> (artifact id: '7b41ca8ddf3b4bc8355ae5d459dd2094') in 1.069923 seconds 
  Import took 1.078038 seconds .

========================================================================
Received Import Request.
  Time since last request: 0.000426 seconds.
  path: Assets/Toon Assets/Prefabs_Usable/Vehicles Police & AI/Completed AI/Car_10A (5.7 K).prefab
  artifactKey: Guid(afe89e60e06fe43e6b558ab480dbc64c) Importer(815301076,1909f56bfc062723c751e8b465ee728b)
Start importing Assets/Toon Assets/Prefabs_Usable/Vehicles Police & AI/Completed AI/Car_10A (5.7 K).prefab using Guid(afe89e60e06fe43e6b558ab480dbc64c) Importer(815301076,1909f56bfc062723c751e8b465ee728b)  -> (artifact id: 'ffa8e95d3bbb032734260d09a90820c8') in 0.019746 seconds 
  Import took 0.023078 seconds .

